#
# A fatal error has been detected by the Java Runtime Environment:
#
#  EXCEPTION_ACCESS_VIOLATION (0xc0000005) at pc=0x00007ffa0be56c58, pid=4020, tid=12392
#
# JRE version: Java(TM) SE Runtime Environment (21.0.6+8) (build 21.0.6+8-LTS-188)
# Java VM: Java HotSpot(TM) 64-Bit Server VM (21.0.6+8-LTS-188, mixed mode, sharing, tiered, compressed oops, compressed class ptrs, g1 gc, windows-amd64)
# Problematic frame:
# V  [jvm.dll+0x356c58]
#
# No core dump will be written. Minidumps are not enabled by default on client versions of Windows
#
# If you would like to submit a bug report, please visit:
#   https://bugreport.java.com/bugreport/crash.jsp
#

---------------  S U M M A R Y ------------

Command Line: -agentlib:jdwp=transport=dt_socket,address=127.0.0.1:57076,suspend=y,server=n -javaagent:C:\Users\mdavi\AppData\Local\JetBrains\IdeaIC2024.3\captureAgent\debugger-agent.jar -Dkotlinx.coroutines.debug.enable.creation.stack.trace=false -Ddebugger.agent.enable.coroutines=true -Dkotlinx.coroutines.debug.enable.flows.stack.trace=true -Dkotlinx.coroutines.debug.enable.mutable.state.flows.stack.trace=true -Dfile.encoding=UTF-8 -Dsun.stdout.encoding=UTF-8 -Dsun.stderr.encoding=UTF-8 com.Unifor.MedMaisFacil.MedMaisFacilApplication

Host: Intel(R) Core(TM) i7-8565U CPU @ 1.80GHz, 8 cores, 19G,  Windows 11 , 64 bit Build 26100 (10.0.26100.8246)
Time: Sat May 23 10:28:18 2026 Hora Padr縊 de Buenos Aires elapsed time: 625.160064 seconds (0d 0h 10m 25s)

---------------  T H R E A D  ---------------

Current thread (0x00000119d4008480):  WorkerThread "GC Thread#2"    [id=12392, stack(0x0000000235c00000,0x0000000235d00000) (1024K)]

Stack: [0x0000000235c00000,0x0000000235d00000],  sp=0x0000000235cff9e0,  free space=1022k
Native frames: (J=compiled Java code, j=interpreted, Vv=VM code, C=native code)
V  [jvm.dll+0x356c58]
V  [jvm.dll+0x35334e]
V  [jvm.dll+0x35ffcb]
V  [jvm.dll+0x361c89]
V  [jvm.dll+0x3604aa]
V  [jvm.dll+0x361901]
V  [jvm.dll+0x36cad3]
V  [jvm.dll+0x36cc1b]
V  [jvm.dll+0x882ce7]
V  [jvm.dll+0x7ff2fb]
V  [jvm.dll+0x6c8dbd]
C  [ucrtbase.dll+0x37b0]
C  [KERNEL32.DLL+0x2e8d7]
C  [ntdll.dll+0x8c3fc]


siginfo: EXCEPTION_ACCESS_VIOLATION (0xc0000005), reading address 0x00000006c112a600


Registers:
RAX=0x0000000000000000, RBX=0x00000006c4db1360, RCX=0x0000000000000016, RDX=0x0000000000000000
RSP=0x0000000235cff9e0, RBP=0x0000000000000b20, RSI=0x00000119eb24e030, RDI=0x00000119de6cefb0
R8 =0x00000006c112a600, R9 =0x00000006c4daf7e0, R10=0x0000000000000010, R11=0x0000000000000001
R12=0x0000000000000002, R13=0x00000119ff266330, R14=0x0000000000000040, R15=0x0000000000000000
RIP=0x00007ffa0be56c58, EFLAGS=0x0000000000010246


Register to memory mapping:

RAX=0x0 is null
RBX=
[error occurred during error reporting (printing register info), id 0xc0000005, EXCEPTION_ACCESS_VIOLATION (0xc0000005) at pc=0x00007ffa0bc3d5a1]
RCX=0x0000000000000016 is an unknown value
RDX=0x0 is null
RSP=0x0000000235cff9e0 points into unknown readable memory: 0x00000006c5120000 | 00 00 12 c5 06 00 00 00
RBP=0x0000000000000b20 is an unknown value
RSI=0x00000119eb24e030 points into unknown readable memory: 0x0000000000000000 | 00 00 00 00 00 00 00 00
RDI=0x00000119de6cefb0 points into unknown readable memory: 0x00007ffa0c4d8578 | 78 85 4d 0c fa 7f 00 00
R8 =0x00000006c112a600 is an unknown value
R9 =0x00000006c4daf7e0 is an oop: java.lang.reflect.Method 
{0x00000006c4daf7e0} - klass: 'java/lang/reflect/Method'
 - ---- fields (total size 11 words):
 - 'override' 'Z' @12  false (0x00)
 - volatile 'accessCheckCache' 'Ljava/lang/Object;' @16  null (0x00000000)
 - private transient 'parameterData' 'Ljava/lang/reflect/Executable$ParameterData;' @20  null (0x00000000)
 - private volatile transient 'declaredAnnotations' 'Ljava/util/Map;' @24  null (0x00000000)
 - private 'callerSensitive' 'B' @13  0 (0x00)
 - private final 'slot' 'I' @28  1 (0x00000001)
 - private final 'modifiers' 'I' @32  1025 (0x00000401)
 - private final 'clazz' 'Ljava/lang/Class;' @36  a 'java/lang/Class'{0x00000006c282cc70} = 'jakarta/servlet/ServletContext' (0xd850598e)
 - private final 'name' 'Ljava/lang/String;' @40  "log"{0x00000006c242b050} (0xd848560a)
 - private final 'returnType' 'Ljava/lang/Class;' @44  a 'java/lang/Class'{0x00000006c1cda770} = void (0xd839b4ee)
 - private final 'parameterTypes' '[Ljava/lang/Class;' @48  a 'java/lang/Class'[1] {0x00000006c4daf838} (0xd89b5f07)
 - private final 'exceptionTypes' '[Ljava/lang/Class;' @52  a 'java/lang/Class'[0] {0x00000006c1cda7e0} (0xd839b4fc)
 - private final transient 'signature' 'Ljava/lang/String;' @56  null (0x00000000)
 - private volatile transient 'genericInfo' 'Lsun/reflect/generics/repository/MethodRepository;' @60  null (0x00000000)
 - private final 'annotations' '[B' @64  null (0x00000000)
 - private final 'parameterAnnotations' '[B' @68  null (0x00000000)
 - private final 'annotationDefault' '[B' @72  null (0x00000000)
 - private 'methodAccessor' 'Ljdk/internal/reflect/MethodAccessor;' @76  null (0x00000000)
 - private 'root' 'Ljava/lang/reflect/Method;' @80  null (0x00000000)
R10=0x0000000000000010 is an unknown value
R11=0x0000000000000001 is an unknown value
R12=0x0000000000000002 is an unknown value
R13=0x00000119ff266330 points into unknown readable memory: 0x00000119fe716b02 | 02 6b 71 fe 19 01 00 00
R14=0x0000000000000040 is an unknown value
R15=0x0 is null

Top of Stack: (sp=0x0000000235cff9e0)
0x0000000235cff9e0:   00000006c5120000 0000000000000001
0x0000000235cff9f0:   0000011900000000 00000000000000f8
0x0000000235cffa00:   00000006c2894800 0000000000000003
0x0000000235cffa10:   0000000235cffc00 00000006c2894c68
0x0000000235cffa20:   0000000235cffc00 00007ffa0be5334e
0x0000000235cffa30:   00000006c2894c00 00000119de6cefb0
0x0000000235cffa40:   00000006c2890c00 0000000000000040
0x0000000235cffa50:   00000001749c9a84 00000121eccd1b81
0x0000000235cffa60:   0000000000000002 0000000235cffc00
0x0000000235cffa70:   00000119eb240980 00007ffa0be5ffcb
0x0000000235cffa80:   0000000000000003 00000119eb240980
0x0000000235cffa90:   0000000235cffc00 00007ffa0c1c337f
0x0000000235cffaa0:   00000006c2894800 0000000000000080
0x0000000235cffab0:   00007ffa0c4d97a0 0000000000000000
0x0000000235cffac0:   00000119eb24aef0 00000119de6cefb0
0x0000000235cffad0:   0000000235cffc50 00007ffa0c30a037
0x0000000235cffae0:   00000119fe546330 00000119f60f64c0
0x0000000235cffaf0:   00000119eb23b170 00007ffa0be61c89
0x0000000235cffb00:   0000000235cffb80 00007ffa0be4a172
0x0000000235cffb10:   0000000000000006 00000119f60f64a6
0x0000000235cffb20:   0000000000000006 0000000000000007
0x0000000235cffb30:   00000119eb24acf0 0000000000000010
0x0000000235cffb40:   00000119eb23b170 0000000235cffc99
0x0000000235cffb50:   0000000235cffc00 00007ffa0be604aa
0x0000000235cffb60:   00000000000003d8 00000119fe546340
0x0000000235cffb70:   00000119fe546718 00000119eb240980
0x0000000235cffb80:   00000119de6cefb0 00000001749c936f
0x0000000235cffb90:   00000121ecc79862 0000000235cffc58
0x0000000235cffba0:   0000000235cffc68 0000000000000000
0x0000000235cffbb0:   00000119eb24aef0 00007ffa0be61901
0x0000000235cffbc0:   0000000000000008 0000000000000008
0x0000000235cffbd0:   0000000000000005 00007ffa0bbbf796 

Instructions: (pc=0x00007ffa0be56c58)
0x00007ffa0be56b58:   ff 48 8d 53 fe 48 8b cf e8 8b f3 ff ff e9 d6 fd
0x00007ffa0be56b68:   ff ff 66 0f 1f 44 00 00 48 8b 77 10 8b ae 80 00
0x00007ffa0be56b78:   00 00 8b cd 8b 86 00 01 00 00 2b c8 81 e1 ff ff
0x00007ffa0be56b88:   01 00 41 3b ce 0f 86 48 02 00 00 ff cd 81 e5 ff
0x00007ffa0be56b98:   ff 01 00 89 ae 80 00 00 00 e8 ea 49 36 00 90 8b
0x00007ffa0be56ba8:   d5 8b 86 00 01 00 00 8b cd 48 8b 9e 80 01 00 00
0x00007ffa0be56bb8:   2b c8 81 e1 ff ff 01 00 81 f9 ff ff 01 00 48 8b
0x00007ffa0be56bc8:   1c eb 41 0f 44 cf 85 c9 75 3d 90 89 6c 24 50 48
0x00007ffa0be56bd8:   8b 86 00 01 00 00 48 8b c8 48 c1 e9 20 ff c1 89
0x00007ffa0be56be8:   4c 24 54 3b e8 0f 85 d6 01 00 00 48 c1 e1 20 48
0x00007ffa0be56bf8:   0b ca f0 48 0f b1 8e 00 01 00 00 0f 85 c0 01 00
0x00007ffa0be56c08:   00 8b 86 00 01 00 00 f6 c3 01 0f 84 de 00 00 00
0x00007ffa0be56c18:   8b 0d 4a 63 86 00 48 ff cb 48 8b 47 08 44 8b 03
0x00007ffa0be56c28:   49 d3 e0 8b 88 b0 05 00 00 48 8b 80 a0 05 00 00
0x00007ffa0be56c38:   4c 03 05 21 63 86 00 49 8b d0 48 d3 ea 0f b7 14
0x00007ffa0be56c48:   50 0f b7 c2 66 c1 e8 08 84 c0 0f 88 18 ff ff ff
0x00007ffa0be56c58:   4d 8b 08 41 0f b6 c1 24 03 3c 03 75 06 49 83 e1
0x00007ffa0be56c68:   fc eb 0b 48 8b cf e8 1d ed ff ff 4c 8b c8 8b 0d
0x00007ffa0be56c78:   ec 62 86 00 49 8b d1 48 2b 15 da 62 86 00 48 d3
0x00007ffa0be56c88:   ea 89 13 48 8b d3 8b 0d ac f2 8c 00 49 33 d1 48
0x00007ffa0be56c98:   d3 ea 48 85 d2 0f 84 cd fe ff ff 48 8b 47 08 4c
0x00007ffa0be56ca8:   8b 80 a0 05 00 00 8b 88 b0 05 00 00 48 8b c3 48
0x00007ffa0be56cb8:   d3 e8 41 0f b7 14 40 66 c1 ea 08 80 fa fe 0f 84
0x00007ffa0be56cc8:   a4 fe ff ff 49 8b c1 48 d3 e8 41 0f b7 14 40 0f
0x00007ffa0be56cd8:   b7 c2 66 c1 e8 08 84 c0 0f 89 8a fe ff ff 4c 8b
0x00007ffa0be56ce8:   c3 48 8b cf e8 ef d0 ff ff e9 7a fe ff ff f6 c3
0x00007ffa0be56cf8:   03 0f 85 b9 00 00 00 48 8b 47 08 4c 8b 03 49 8b
0x00007ffa0be56d08:   d0 8b 88 b0 05 00 00 48 8b 80 a0 05 00 00 48 d3
0x00007ffa0be56d18:   ea 0f b7 14 50 0f b7 c2 66 c1 e8 08 84 c0 0f 88
0x00007ffa0be56d28:   44 fe ff ff 4d 8b 08 41 0f b6 c1 24 03 3c 03 75
0x00007ffa0be56d38:   06 49 83 e1 fc eb 0b 48 8b cf e8 49 ec ff ff 4c
0x00007ffa0be56d48:   8b c8 49 8b d1 4c 89 0b 8b 0d ea f1 8c 00 48 33 


Stack slot to memory mapping:

stack at sp + 0 slots: 
[error occurred during error reporting (inspecting top of stack), id 0xc0000005, EXCEPTION_ACCESS_VIOLATION (0xc0000005) at pc=0x00007ffa0bc3d536]
stack at sp + 1 slots: 0x0000000000000001 is an unknown value
stack at sp + 2 slots: 0x0000011900000000 is an unknown value
stack at sp + 3 slots: 0x00000000000000f8 is an unknown value
stack at sp + 4 slots: 0x00000006c2894800 is pointing into object: jdk.internal.reflect.DirectConstructorHandleAccessor 
{0x00000006c28947f8} - klass: 'jdk/internal/reflect/DirectConstructorHandleAccessor'
 - ---- fields (total size 3 words):
 - private final 'paramCount' 'I' @12  0 (0x00000000)
 - private final 'target' 'Ljava/lang/invoke/MethodHandle;' @16  a 'java/lang/invoke/DirectMethodHandle$Constructor'{0x00000006c2894810} (0xd8512902)
stack at sp + 5 slots: 0x0000000000000003 is an unknown value
stack at sp + 6 slots: 0x0000000235cffc00 points into unknown readable memory: 0x00007ffa0c4d9938 | 38 99 4d 0c fa 7f 00 00
stack at sp + 7 slots: 0x00000006c2894c68 is an oop: java.lang.ref.SoftReference 
{0x00000006c2894c68} - klass: 'java/lang/ref/SoftReference'
 - ---- fields (total size 5 words):
 - private 'referent' 'Ljava/lang/Object;' @12  a 'java/lang/Class$ReflectionData'{0x00000006c2894c90} (0xd8512992)
 - volatile 'queue' 'Ljava/lang/ref/ReferenceQueue;' @16  a 'java/lang/ref/ReferenceQueue$Null'{0x00000006c1e81b18} (0xd83d0363)
 - volatile 'next' 'Ljava/lang/ref/Reference;' @20  null (0x00000000)
 - private transient 'discovered' 'Ljava/lang/ref/Reference;' @24  null (0x00000000)
 - private 'timestamp' 'J' @32  264045 (0x000000000004076d)


---------------  P R O C E S S  ---------------

Threads class SMR info:
_java_thread_list=0x00000119d67ef0f0, length=32, elements={
0x00000119fe52a480, 0x00000119fe52da50, 0x00000119fe52f010, 0x00000119fe52fa60,
0x00000119fe5304b0, 0x00000119fe530f00, 0x00000119fe532c90, 0x00000119fe53bba0,
0x00000119fe4f81c0, 0x00000119fe856490, 0x00000119fe85edb0, 0x00000119fe8fd180,
0x00000119fea01890, 0x00000119d79d0c10, 0x00000119d79d67f0, 0x00000119d4ba6c40,
0x00000119dcacd700, 0x00000119dcab9bc0, 0x00000119de286440, 0x00000119de28b300,
0x00000119dc489e10, 0x00000119dc487020, 0x00000119dc487d40, 0x00000119dc489780,
0x00000119dc4876b0, 0x00000119dc4883d0, 0x00000119dc488a60, 0x00000119dc4890f0,
0x00000119dc486990, 0x00000119dc48bee0, 0x00000119dc48d920, 0x00000119dc48a4a0
}

Java Threads: ( => current thread )
  0x00000119fe52a480 JavaThread "Reference Handler"          daemon [_thread_blocked, id=12872, stack(0x0000000234d00000,0x0000000234e00000) (1024K)]
  0x00000119fe52da50 JavaThread "Finalizer"                  daemon [_thread_blocked, id=14256, stack(0x0000000234e00000,0x0000000234f00000) (1024K)]
  0x00000119fe52f010 JavaThread "Signal Dispatcher"          daemon [_thread_blocked, id=16260, stack(0x0000000234f00000,0x0000000235000000) (1024K)]
  0x00000119fe52fa60 JavaThread "Attach Listener"            daemon [_thread_blocked, id=7392, stack(0x0000000235000000,0x0000000235100000) (1024K)]
  0x00000119fe5304b0 JavaThread "Service Thread"             daemon [_thread_blocked, id=15564, stack(0x0000000235100000,0x0000000235200000) (1024K)]
  0x00000119fe530f00 JavaThread "Monitor Deflation Thread"   daemon [_thread_blocked, id=10572, stack(0x0000000235200000,0x0000000235300000) (1024K)]
  0x00000119fe532c90 JavaThread "C2 CompilerThread0"         daemon [_thread_blocked, id=15364, stack(0x0000000235300000,0x0000000235400000) (1024K)]
  0x00000119fe53bba0 JavaThread "C1 CompilerThread0"         daemon [_thread_blocked, id=8048, stack(0x0000000235400000,0x0000000235500000) (1024K)]
  0x00000119fe4f81c0 JavaThread "Common-Cleaner"             daemon [_thread_blocked, id=16976, stack(0x0000000235500000,0x0000000235600000) (1024K)]
  0x00000119fe856490 JavaThread "JDWP Transport Listener: dt_socket" daemon [_thread_blocked, id=14320, stack(0x0000000235600000,0x0000000235700000) (1024K)]
  0x00000119fe85edb0 JavaThread "JDWP Event Helper Thread"   daemon [_thread_blocked, id=8944, stack(0x0000000235700000,0x0000000235800000) (1024K)]
  0x00000119fe8fd180 JavaThread "JDWP Command Reader"        daemon [_thread_in_native, id=10332, stack(0x0000000235800000,0x0000000235900000) (1024K)]
  0x00000119fea01890 JavaThread "Notification Thread"        daemon [_thread_blocked, id=14492, stack(0x0000000235900000,0x0000000235a00000) (1024K)]
  0x00000119d79d0c10 JavaThread "Catalina-utility-1"                [_thread_blocked, id=13208, stack(0x0000000236600000,0x0000000236700000) (1024K)]
  0x00000119d79d67f0 JavaThread "Catalina-utility-2"                [_thread_blocked, id=16100, stack(0x0000000236700000,0x0000000236800000) (1024K)]
  0x00000119d4ba6c40 JavaThread "container-0"                       [_thread_blocked, id=8464, stack(0x0000000236800000,0x0000000236900000) (1024K)]
  0x00000119dcacd700 JavaThread "Cleaner-0"                  daemon [_thread_blocked, id=10176, stack(0x0000000236900000,0x0000000236a00000) (1024K)]
  0x00000119dcab9bc0 JavaThread "HikariPool-1:housekeeper"   daemon [_thread_blocked, id=4620, stack(0x0000000236a00000,0x0000000236b00000) (1024K)]
  0x00000119de286440 JavaThread "File Watcher"               daemon [_thread_blocked, id=16904, stack(0x0000000236c00000,0x0000000236d00000) (1024K)]
  0x00000119de28b300 JavaThread "http-nio-8080-exec-1"       daemon [_thread_blocked, id=11488, stack(0x0000000236d00000,0x0000000236e00000) (1024K)]
  0x00000119dc489e10 JavaThread "http-nio-8080-exec-2"       daemon [_thread_blocked, id=6640, stack(0x0000000236e00000,0x0000000236f00000) (1024K)]
  0x00000119dc487020 JavaThread "http-nio-8080-exec-3"       daemon [_thread_blocked, id=11448, stack(0x0000000236f00000,0x0000000237000000) (1024K)]
  0x00000119dc487d40 JavaThread "http-nio-8080-exec-4"       daemon [_thread_blocked, id=2500, stack(0x0000000237000000,0x0000000237100000) (1024K)]
  0x00000119dc489780 JavaThread "http-nio-8080-exec-5"       daemon [_thread_blocked, id=15740, stack(0x0000000237100000,0x0000000237200000) (1024K)]
  0x00000119dc4876b0 JavaThread "http-nio-8080-exec-6"       daemon [_thread_blocked, id=11408, stack(0x0000000237200000,0x0000000237300000) (1024K)]
  0x00000119dc4883d0 JavaThread "http-nio-8080-exec-7"       daemon [_thread_blocked, id=17036, stack(0x0000000237300000,0x0000000237400000) (1024K)]
  0x00000119dc488a60 JavaThread "http-nio-8080-exec-8"       daemon [_thread_blocked, id=15372, stack(0x0000000237400000,0x0000000237500000) (1024K)]
  0x00000119dc4890f0 JavaThread "http-nio-8080-exec-9"       daemon [_thread_blocked, id=15704, stack(0x0000000237500000,0x0000000237600000) (1024K)]
  0x00000119dc486990 JavaThread "http-nio-8080-exec-10"      daemon [_thread_blocked, id=16664, stack(0x0000000237600000,0x0000000237700000) (1024K)]
  0x00000119dc48bee0 JavaThread "http-nio-8080-Poller"       daemon [_thread_blocked, id=6740, stack(0x0000000237700000,0x0000000237800000) (1024K)]
  0x00000119dc48d920 JavaThread "http-nio-8080-Acceptor"     daemon [_thread_in_native, id=2932, stack(0x0000000237800000,0x0000000237900000) (1024K)]
  0x00000119dc48a4a0 JavaThread "DestroyJavaVM"                     [_thread_blocked, id=2220, stack(0x0000000234500000,0x0000000234600000) (1024K)]
Total: 32

Other Threads:
  0x00000119fe50c640 VMThread "VM Thread"                           [id=12600, stack(0x0000000234c00000,0x0000000234d00000) (1024K)]
  0x00000119fe4f6fa0 WatcherThread "VM Periodic Task Thread"        [id=17372, stack(0x0000000234b00000,0x0000000234c00000) (1024K)]
  0x00000119eaf0dc10 WorkerThread "GC Thread#0"                     [id=15932, stack(0x0000000234600000,0x0000000234700000) (1024K)]
  0x00000119d4008bc0 WorkerThread "GC Thread#1"                     [id=15588, stack(0x0000000235b00000,0x0000000235c00000) (1024K)]
=>0x00000119d4008480 WorkerThread "GC Thread#2"                     [id=12392, stack(0x0000000235c00000,0x0000000235d00000) (1024K)]
  0x00000119d40080e0 WorkerThread "GC Thread#3"                     [id=14920, stack(0x0000000235d00000,0x0000000235e00000) (1024K)]
  0x00000119d4009a40 WorkerThread "GC Thread#4"                     [id=7116, stack(0x0000000235e00000,0x0000000235f00000) (1024K)]
  0x00000119d4008f60 WorkerThread "GC Thread#5"                     [id=9916, stack(0x0000000235f00000,0x0000000236000000) (1024K)]
  0x00000119d4009300 WorkerThread "GC Thread#6"                     [id=14924, stack(0x0000000236000000,0x0000000236100000) (1024K)]
  0x00000119d40096a0 WorkerThread "GC Thread#7"                     [id=8576, stack(0x0000000236100000,0x0000000236200000) (1024K)]
  0x00000119eaf0ead0 ConcurrentGCThread "G1 Main Marker"            [id=15560, stack(0x0000000234700000,0x0000000234800000) (1024K)]
  0x00000119eb2b34d0 WorkerThread "G1 Conc#0"                       [id=14340, stack(0x0000000234800000,0x0000000234900000) (1024K)]
  0x00000119d4826fe0 WorkerThread "G1 Conc#1"                       [id=16024, stack(0x0000000236500000,0x0000000236600000) (1024K)]
  0x00000119eb2ee0e0 ConcurrentGCThread "G1 Refine#0"               [id=14816, stack(0x0000000234900000,0x0000000234a00000) (1024K)]
  0x00000119eb2eeaf0 ConcurrentGCThread "G1 Service"                [id=11268, stack(0x0000000234a00000,0x0000000234b00000) (1024K)]
Total: 15

Threads with active compile tasks:
Total: 0

VM state: at safepoint (normal execution)

VM Mutex/Monitor currently owned by a thread:  ([mutex/lock_event])
[0x00007ffa0c73de98] Threads_lock - owner thread: 0x00000119fe50c640
[0x00007ffa0c73df98] Heap_lock - owner thread: 0x00000119de286440

Heap address: 0x00000006c1c00000, size: 5092 MB, Compressed Oops mode: Zero based, Oop shift amount: 3

CDS archive(s) mapped at: [0x000001198f000000-0x000001198fc90000-0x000001198fc90000), size 13172736, SharedBaseAddress: 0x000001198f000000, ArchiveRelocationMode: 1.
Compressed class space mapped at: 0x0000011990000000-0x00000119d0000000, reserved size: 1073741824
Narrow klass base: 0x000001198f000000, Narrow klass shift: 0, Narrow klass range: 0x100000000

GC Precious Log:
 CardTable entry size: 512
 Card Set container configuration: InlinePtr #cards 4 size 8 Array Of Cards #cards 32 size 80 Howl #buckets 8 coarsen threshold 7372 Howl Bitmap #cards 1024 size 144 coarsen threshold 921 Card regions per heap region 1 cards per card region 8192
 CPUs: 8 total, 8 available
 Memory: 20360M
 Large Page Support: Disabled
 NUMA Support: Disabled
 Compressed Oops: Enabled (Zero based)
 Heap Region Size: 4M
 Heap Min Capacity: 8M
 Heap Initial Capacity: 320M
 Heap Max Capacity: 5092M
 Pre-touch: Disabled
 Parallel Workers: 8
 Concurrent Workers: 2
 Concurrent Refinement Workers: 8
 Periodic GC: Disabled

Heap:
 garbage-first heap   total 110592K, used 95037K [0x00000006c1c00000, 0x0000000800000000)
  region size 4096K, 14 young (57344K), 1 survivors (4096K)
 Metaspace       used 91312K, committed 92160K, reserved 1179648K
  class space    used 12243K, committed 12608K, reserved 1048576K

Heap Regions: E=young(eden), S=young(survivor), O=old, HS=humongous(starts), HC=humongous(continues), CS=collection set, F=free, TAMS=top-at-mark-start, PB=parsable bottom
|   0|0x00000006c1c00000, 0x00000006c2000000, 0x00000006c2000000|100%| O|  |TAMS 0x00000006c1c00000| PB 0x00000006c1c00000| Untracked 
|   1|0x00000006c2000000, 0x00000006c2400000, 0x00000006c2400000|100%| O|  |TAMS 0x00000006c2000000| PB 0x00000006c2000000| Untracked 
|   2|0x00000006c2400000, 0x00000006c2800000, 0x00000006c2800000|100%| O|  |TAMS 0x00000006c2400000| PB 0x00000006c2400000| Untracked 
|   3|0x00000006c2800000, 0x00000006c2c00000, 0x00000006c2c00000|100%| O|  |TAMS 0x00000006c2800000| PB 0x00000006c2800000| Untracked 
|   4|0x00000006c2c00000, 0x00000006c3000000, 0x00000006c3000000|100%| O|  |TAMS 0x00000006c2c00000| PB 0x00000006c2c00000| Untracked 
|   5|0x00000006c3000000, 0x00000006c3400000, 0x00000006c3400000|100%| O|  |TAMS 0x00000006c3000000| PB 0x00000006c3000000| Untracked 
|   6|0x00000006c3400000, 0x00000006c3800000, 0x00000006c3800000|100%| O|  |TAMS 0x00000006c3400000| PB 0x00000006c3400000| Untracked 
|   7|0x00000006c3800000, 0x00000006c3c00000, 0x00000006c3c00000|100%| O|  |TAMS 0x00000006c3800000| PB 0x00000006c3800000| Untracked 
|   8|0x00000006c3c00000, 0x00000006c4000000, 0x00000006c4000000|100%| O|  |TAMS 0x00000006c3c00000| PB 0x00000006c3c00000| Untracked 
|   9|0x00000006c4000000, 0x00000006c40e31a8, 0x00000006c4400000| 22%| O|  |TAMS 0x00000006c4000000| PB 0x00000006c4000000| Untracked 
|  10|0x00000006c4400000, 0x00000006c4400000, 0x00000006c4800000|  0%| F|  |TAMS 0x00000006c4400000| PB 0x00000006c4400000| Untracked 
|  11|0x00000006c4800000, 0x00000006c4800000, 0x00000006c4c00000|  0%| F|  |TAMS 0x00000006c4800000| PB 0x00000006c4800000| Untracked 
|  12|0x00000006c4c00000, 0x00000006c4fca698, 0x00000006c5000000| 94%| S|  |TAMS 0x00000006c4c00000| PB 0x00000006c4c00000| Complete 
|  13|0x00000006c5000000, 0x00000006c53ec4d0, 0x00000006c5400000| 98%| E|CS|TAMS 0x00000006c5000000| PB 0x00000006c5000000| Complete 
|  14|0x00000006c5400000, 0x00000006c5800000, 0x00000006c5800000|100%| E|CS|TAMS 0x00000006c5400000| PB 0x00000006c5400000| Complete 
|  15|0x00000006c5800000, 0x00000006c5c00000, 0x00000006c5c00000|100%| E|CS|TAMS 0x00000006c5800000| PB 0x00000006c5800000| Complete 
|  16|0x00000006c5c00000, 0x00000006c6000000, 0x00000006c6000000|100%| E|CS|TAMS 0x00000006c5c00000| PB 0x00000006c5c00000| Complete 
|  17|0x00000006c6000000, 0x00000006c6400000, 0x00000006c6400000|100%| E|CS|TAMS 0x00000006c6000000| PB 0x00000006c6000000| Complete 
|  18|0x00000006c6400000, 0x00000006c6800000, 0x00000006c6800000|100%| E|CS|TAMS 0x00000006c6400000| PB 0x00000006c6400000| Complete 
|  19|0x00000006c6800000, 0x00000006c6c00000, 0x00000006c6c00000|100%| E|CS|TAMS 0x00000006c6800000| PB 0x00000006c6800000| Complete 
|  20|0x00000006c6c00000, 0x00000006c7000000, 0x00000006c7000000|100%| E|CS|TAMS 0x00000006c6c00000| PB 0x00000006c6c00000| Complete 
|  21|0x00000006c7000000, 0x00000006c7400000, 0x00000006c7400000|100%| E|CS|TAMS 0x00000006c7000000| PB 0x00000006c7000000| Complete 
|  22|0x00000006c7400000, 0x00000006c7800000, 0x00000006c7800000|100%| E|CS|TAMS 0x00000006c7400000| PB 0x00000006c7400000| Complete 
|  24|0x00000006c7c00000, 0x00000006c8000000, 0x00000006c8000000|100%| E|CS|TAMS 0x00000006c7c00000| PB 0x00000006c7c00000| Complete 
|  25|0x00000006c8000000, 0x00000006c8400000, 0x00000006c8400000|100%| E|CS|TAMS 0x00000006c8000000| PB 0x00000006c8000000| Complete 
|  26|0x00000006c8400000, 0x00000006c8800000, 0x00000006c8800000|100%| E|CS|TAMS 0x00000006c8400000| PB 0x00000006c8400000| Complete 
|  79|0x00000006d5800000, 0x00000006d5c00000, 0x00000006d5c00000|100%| E|CS|TAMS 0x00000006d5800000| PB 0x00000006d5800000| Complete 

Card table byte_map: [0x00000119f60f0000,0x00000119f6af0000] _byte_map_base: 0x00000119f2ae2000

Marking Bits: (CMBitMap*) 0x00000119eaf0e220
 Bits: [0x00000119f6af0000, 0x00000119fba80000)

Polling page: 0x00000119eafa0000

Metaspace:

Usage:
  Non-class:     77.22 MB used.
      Class:     11.96 MB used.
       Both:     89.17 MB used.

Virtual space:
  Non-class space:      128.00 MB reserved,      77.69 MB ( 61%) committed,  2 nodes.
      Class space:        1.00 GB reserved,      12.31 MB (  1%) committed,  1 nodes.
             Both:        1.12 GB reserved,      90.00 MB (  8%) committed. 

Chunk freelists:
   Non-Class:  1.87 MB
       Class:  3.58 MB
        Both:  5.45 MB

MaxMetaspaceSize: unlimited
CompressedClassSpaceSize: 1.00 GB
Initial GC threshold: 21.00 MB
Current GC threshold: 99.31 MB
CDS: on
 - commit_granule_bytes: 65536.
 - commit_granule_words: 8192.
 - virtual_space_node_default_size: 8388608.
 - enlarge_chunks_in_place: 1.
 - use_allocation_guard: 0.


Internal statistics:

num_allocs_failed_limit: 12.
num_arena_births: 1192.
num_arena_deaths: 0.
num_vsnodes_births: 3.
num_vsnodes_deaths: 0.
num_space_committed: 1440.
num_space_uncommitted: 0.
num_chunks_returned_to_freelist: 12.
num_chunks_taken_from_freelist: 4399.
num_chunk_merges: 6.
num_chunk_splits: 3171.
num_chunks_enlarged: 2466.
num_inconsistent_stats: 0.

CodeHeap 'non-profiled nmethods': size=120000Kb used=6142Kb max_used=6142Kb free=113857Kb
 bounds [0x0000011987ad0000, 0x00000119880d0000, 0x000001198f000000]
CodeHeap 'profiled nmethods': size=120000Kb used=16897Kb max_used=16897Kb free=103102Kb
 bounds [0x0000011980000000, 0x0000011981090000, 0x0000011987530000]
CodeHeap 'non-nmethods': size=5760Kb used=1790Kb max_used=1881Kb free=3969Kb
 bounds [0x0000011987530000, 0x00000119877a0000, 0x0000011987ad0000]
 total_blobs=8947 nmethods=8201 adapters=649
 compilation: enabled
              stopped_count=0, restarted_count=0
 full_count=0

Compilation events (20 events):
Event: 513.373 Thread 0x00000119fe53bba0 8865       3       sun.nio.ch.WEPollSelectorImpl::processEvents (152 bytes)
Event: 513.376 Thread 0x00000119fe53bba0 nmethod 8865 0x0000011981071390 code [0x0000011981071620, 0x00000119810722f8]
Event: 524.988 Thread 0x00000119fe532c90 8866       4       java.util.concurrent.locks.ReentrantLock$Sync::isHeldExclusively (16 bytes)
Event: 524.989 Thread 0x00000119fe532c90 nmethod 8866 0x00000119880ced90 code [0x00000119880cef20, 0x00000119880cefe8]
Event: 526.590 Thread 0x00000119fe53bba0 8868       3       org.postgresql.core.Parser::parseJdbcSql (1525 bytes)
Event: 526.601 Thread 0x00000119fe53bba0 nmethod 8868 0x0000011981072910 code [0x00000119810731c0, 0x000001198107a2a0]
Event: 526.602 Thread 0x00000119fe53bba0 8867       1       org.postgresql.core.QueryExecutorBase::getQuoteReturningIdentifiers (5 bytes)
Event: 526.602 Thread 0x00000119fe53bba0 nmethod 8867 0x00000119880cf090 code [0x00000119880cf220, 0x00000119880cf2f0]
Event: 546.674 Thread 0x00000119fe53bba0 8869   !   3       java.net.Socket::getImpl (115 bytes)
Event: 546.675 Thread 0x00000119fe53bba0 nmethod 8869 0x000001198107c910 code [0x000001198107cc20, 0x000001198107dd90]
Event: 553.170 Thread 0x00000119fe53bba0 8870       3       java.util.HashMap$Values::toArray (16 bytes)
Event: 553.171 Thread 0x00000119fe53bba0 nmethod 8870 0x000001198107e610 code [0x000001198107e7c0, 0x000001198107e9f0]
Event: 573.189 Thread 0x00000119fe53bba0 8871   !   3       org.apache.catalina.core.ContainerBase::findChildren (67 bytes)
Event: 573.192 Thread 0x00000119fe53bba0 nmethod 8871 0x000001198107eb10 code [0x000001198107eda0, 0x000001198107f9f8]
Event: 575.282 Thread 0x00000119fe53bba0 8872       1       org.postgresql.core.QueryExecutorBase::setTransactionState (6 bytes)
Event: 575.283 Thread 0x00000119fe53bba0 nmethod 8872 0x00000119880cf390 code [0x00000119880cf520, 0x00000119880cf640]
Event: 575.530 Thread 0x00000119fe53bba0 8873       3       sun.nio.ch.NioSocketImpl::ensureOpen (35 bytes)
Event: 575.531 Thread 0x00000119fe53bba0 nmethod 8873 0x000001198107ff10 code [0x0000011981080100, 0x0000011981080468]
Event: 619.282 Thread 0x00000119fe532c90 8874       4       java.util.HashMap$KeySet::size (8 bytes)
Event: 619.283 Thread 0x00000119fe532c90 nmethod 8874 0x00000119880cf690 code [0x00000119880cf820, 0x00000119880cf8c8]

GC Heap History (20 events):
Event: 13.352 GC heap after
{Heap after GC invocations=9 (full 0):
 garbage-first heap   total 200704K, used 21797K [0x00000006c1c00000, 0x0000000800000000)
  region size 4096K, 2 young (8192K), 2 survivors (8192K)
 Metaspace       used 41147K, committed 41728K, reserved 1114112K
  class space    used 4970K, committed 5248K, reserved 1048576K
}
Event: 18.273 GC heap before
{Heap before GC invocations=9 (full 0):
 garbage-first heap   total 200704K, used 103717K [0x00000006c1c00000, 0x0000000800000000)
  region size 4096K, 24 young (98304K), 2 survivors (8192K)
 Metaspace       used 59711K, committed 60416K, reserved 1114112K
  class space    used 7609K, committed 7936K, reserved 1048576K
}
Event: 18.288 GC heap after
{Heap after GC invocations=10 (full 0):
 garbage-first heap   total 200704K, used 27575K [0x00000006c1c00000, 0x0000000800000000)
  region size 4096K, 3 young (12288K), 3 survivors (12288K)
 Metaspace       used 59711K, committed 60416K, reserved 1114112K
  class space    used 7609K, committed 7936K, reserved 1048576K
}
Event: 20.211 GC heap before
{Heap before GC invocations=11 (full 0):
 garbage-first heap   total 110592K, used 80823K [0x00000006c1c00000, 0x0000000800000000)
  region size 4096K, 16 young (65536K), 3 survivors (12288K)
 Metaspace       used 69187K, committed 69888K, reserved 1114112K
  class space    used 9082K, committed 9408K, reserved 1048576K
}
Event: 20.223 GC heap after
{Heap after GC invocations=12 (full 0):
 garbage-first heap   total 110592K, used 29094K [0x00000006c1c00000, 0x0000000800000000)
  region size 4096K, 1 young (4096K), 1 survivors (4096K)
 Metaspace       used 69187K, committed 69888K, reserved 1114112K
  class space    used 9082K, committed 9408K, reserved 1048576K
}
Event: 21.974 GC heap before
{Heap before GC invocations=12 (full 0):
 garbage-first heap   total 110592K, used 90534K [0x00000006c1c00000, 0x0000000800000000)
  region size 4096K, 16 young (65536K), 1 survivors (4096K)
 Metaspace       used 75734K, committed 76352K, reserved 1179648K
  class space    used 10062K, committed 10368K, reserved 1048576K
}
Event: 21.998 GC heap after
{Heap after GC invocations=13 (full 0):
 garbage-first heap   total 110592K, used 34908K [0x00000006c1c00000, 0x0000000800000000)
  region size 4096K, 2 young (8192K), 2 survivors (8192K)
 Metaspace       used 75734K, committed 76352K, reserved 1179648K
  class space    used 10062K, committed 10368K, reserved 1048576K
}
Event: 23.040 GC heap before
{Heap before GC invocations=13 (full 0):
 garbage-first heap   total 110592K, used 92252K [0x00000006c1c00000, 0x0000000800000000)
  region size 4096K, 16 young (65536K), 2 survivors (8192K)
 Metaspace       used 80541K, committed 81216K, reserved 1179648K
  class space    used 10909K, committed 11200K, reserved 1048576K
}
Event: 23.064 GC heap after
{Heap after GC invocations=14 (full 0):
 garbage-first heap   total 110592K, used 35461K [0x00000006c1c00000, 0x0000000800000000)
  region size 4096K, 1 young (4096K), 1 survivors (4096K)
 Metaspace       used 80541K, committed 81216K, reserved 1179648K
  class space    used 10909K, committed 11200K, reserved 1048576K
}
Event: 23.882 GC heap before
{Heap before GC invocations=14 (full 0):
 garbage-first heap   total 110592K, used 96901K [0x00000006c1c00000, 0x0000000800000000)
  region size 4096K, 16 young (65536K), 1 survivors (4096K)
 Metaspace       used 81878K, committed 82624K, reserved 1179648K
  class space    used 11065K, committed 11392K, reserved 1048576K
}
Event: 23.890 GC heap after
{Heap after GC invocations=15 (full 0):
 garbage-first heap   total 110592K, used 37747K [0x00000006c1c00000, 0x0000000800000000)
  region size 4096K, 2 young (8192K), 2 survivors (8192K)
 Metaspace       used 81878K, committed 82624K, reserved 1179648K
  class space    used 11065K, committed 11392K, reserved 1048576K
}
Event: 87.098 GC heap before
{Heap before GC invocations=15 (full 0):
 garbage-first heap   total 110592K, used 90995K [0x00000006c1c00000, 0x0000000800000000)
  region size 4096K, 15 young (61440K), 2 survivors (8192K)
 Metaspace       used 85184K, committed 86016K, reserved 1179648K
  class space    used 11470K, committed 11840K, reserved 1048576K
}
Event: 87.106 GC heap after
{Heap after GC invocations=16 (full 0):
 garbage-first heap   total 110592K, used 40156K [0x00000006c1c00000, 0x0000000800000000)
  region size 4096K, 2 young (8192K), 2 survivors (8192K)
 Metaspace       used 85184K, committed 86016K, reserved 1179648K
  class space    used 11470K, committed 11840K, reserved 1048576K
}
Event: 160.728 GC heap before
{Heap before GC invocations=16 (full 0):
 garbage-first heap   total 110592K, used 85212K [0x00000006c1c00000, 0x0000000800000000)
  region size 4096K, 14 young (57344K), 2 survivors (8192K)
 Metaspace       used 91157K, committed 91968K, reserved 1179648K
  class space    used 12241K, committed 12608K, reserved 1048576K
}
Event: 160.736 GC heap after
{Heap after GC invocations=17 (full 0):
 garbage-first heap   total 110592K, used 41607K [0x00000006c1c00000, 0x0000000800000000)
  region size 4096K, 1 young (4096K), 1 survivors (4096K)
 Metaspace       used 91157K, committed 91968K, reserved 1179648K
  class space    used 12241K, committed 12608K, reserved 1048576K
}
Event: 315.505 GC heap before
{Heap before GC invocations=17 (full 0):
 garbage-first heap   total 110592K, used 94855K [0x00000006c1c00000, 0x0000000800000000)
  region size 4096K, 14 young (57344K), 1 survivors (4096K)
 Metaspace       used 91223K, committed 92096K, reserved 1179648K
  class space    used 12241K, committed 12608K, reserved 1048576K
}
Event: 315.512 GC heap after
{Heap after GC invocations=18 (full 0):
 garbage-first heap   total 110592K, used 41419K [0x00000006c1c00000, 0x0000000800000000)
  region size 4096K, 1 young (4096K), 1 survivors (4096K)
 Metaspace       used 91223K, committed 92096K, reserved 1179648K
  class space    used 12241K, committed 12608K, reserved 1048576K
}
Event: 469.024 GC heap before
{Heap before GC invocations=18 (full 0):
 garbage-first heap   total 110592K, used 94667K [0x00000006c1c00000, 0x0000000800000000)
  region size 4096K, 14 young (57344K), 1 survivors (4096K)
 Metaspace       used 91278K, committed 92096K, reserved 1179648K
  class space    used 12242K, committed 12608K, reserved 1048576K
}
Event: 469.029 GC heap after
{Heap after GC invocations=19 (full 0):
 garbage-first heap   total 110592K, used 41789K [0x00000006c1c00000, 0x0000000800000000)
  region size 4096K, 1 young (4096K), 1 survivors (4096K)
 Metaspace       used 91278K, committed 92096K, reserved 1179648K
  class space    used 12242K, committed 12608K, reserved 1048576K
}
Event: 625.137 GC heap before
{Heap before GC invocations=19 (full 0):
 garbage-first heap   total 110592K, used 95037K [0x00000006c1c00000, 0x0000000800000000)
  region size 4096K, 14 young (57344K), 1 survivors (4096K)
 Metaspace       used 91312K, committed 92160K, reserved 1179648K
  class space    used 12243K, committed 12608K, reserved 1048576K
}

Dll operation events (12 events):
Event: 0.028 Loaded shared library C:\Program Files\Java\jdk-21_windows-x64_bin\jdk-21.0.6\bin\java.dll
Event: 0.030 Loaded shared library C:\Program Files\Java\jdk-21_windows-x64_bin\jdk-21.0.6\bin\zip.dll
Event: 0.156 Loaded shared library C:\Program Files\Java\jdk-21_windows-x64_bin\jdk-21.0.6\bin\jsvml.dll
Event: 1.082 Loaded shared library C:\Program Files\Java\jdk-21_windows-x64_bin\jdk-21.0.6\bin\instrument.dll
Event: 1.253 Loaded shared library C:\Program Files\Java\jdk-21_windows-x64_bin\jdk-21.0.6\bin\net.dll
Event: 1.255 Loaded shared library C:\Program Files\Java\jdk-21_windows-x64_bin\jdk-21.0.6\bin\nio.dll
Event: 1.278 Loaded shared library C:\Program Files\Java\jdk-21_windows-x64_bin\jdk-21.0.6\bin\zip.dll
Event: 1.737 Loaded shared library C:\Program Files\Java\jdk-21_windows-x64_bin\jdk-21.0.6\bin\jimage.dll
Event: 2.840 Loaded shared library C:\Program Files\Java\jdk-21_windows-x64_bin\jdk-21.0.6\bin\management.dll
Event: 2.859 Loaded shared library C:\Program Files\Java\jdk-21_windows-x64_bin\jdk-21.0.6\bin\management_ext.dll
Event: 5.898 Loaded shared library C:\Program Files\Java\jdk-21_windows-x64_bin\jdk-21.0.6\bin\sunmscapi.dll
Event: 15.364 Loaded shared library C:\Program Files\Java\jdk-21_windows-x64_bin\jdk-21.0.6\bin\extnet.dll

Deoptimization events (20 events):
Event: 148.158 Thread 0x00000119dc488a60 DEOPT PACKING pc=0x000001198063534c sp=0x00000002374fcb40
Event: 148.158 Thread 0x00000119dc488a60 DEOPT UNPACKING pc=0x0000011987584e42 sp=0x00000002374fc0f0 mode 1
Event: 153.207 Thread 0x00000119dc486990 Uncommon trap: trap_request=0xffffffde fr.pc=0x0000011987f9f72c relative=0x00000000000000ec
Event: 153.207 Thread 0x00000119dc486990 Uncommon trap: reason=class_check action=maybe_recompile pc=0x0000011987f9f72c method=org.springframework.core.annotation.AnnotatedElementUtils.getAnnotationAttributes(Lorg/springframework/core/annotation/MergedAnnotation;ZZ)Lorg/springframework/core/anno
Event: 153.207 Thread 0x00000119dc486990 DEOPT PACKING pc=0x0000011987f9f72c sp=0x00000002376fd440
Event: 153.207 Thread 0x00000119dc486990 DEOPT UNPACKING pc=0x00000119875846a2 sp=0x00000002376fd368 mode 2
Event: 153.263 Thread 0x00000119dc486990 DEOPT PACKING pc=0x0000011980639341 sp=0x00000002376fcbe0
Event: 153.263 Thread 0x00000119dc486990 DEOPT UNPACKING pc=0x0000011987584e42 sp=0x00000002376fc0b8 mode 1
Event: 153.263 Thread 0x00000119dc486990 DEOPT PACKING pc=0x000001198073d65c sp=0x00000002376fcc70
Event: 153.263 Thread 0x00000119dc486990 DEOPT UNPACKING pc=0x0000011987584e42 sp=0x00000002376fc230 mode 1
Event: 153.263 Thread 0x00000119dc486990 DEOPT PACKING pc=0x000001198063534c sp=0x00000002376fcdf0
Event: 153.263 Thread 0x00000119dc486990 DEOPT UNPACKING pc=0x0000011987584e42 sp=0x00000002376fc3a0 mode 1
Event: 153.263 Thread 0x00000119dc486990 DEOPT PACKING pc=0x0000011980639341 sp=0x00000002376fc820
Event: 153.263 Thread 0x00000119dc486990 DEOPT UNPACKING pc=0x0000011987584e42 sp=0x00000002376fbcf8 mode 1
Event: 153.263 Thread 0x00000119dc486990 DEOPT PACKING pc=0x000001198073d65c sp=0x00000002376fc8b0
Event: 153.263 Thread 0x00000119dc486990 DEOPT UNPACKING pc=0x0000011987584e42 sp=0x00000002376fbe70 mode 1
Event: 153.263 Thread 0x00000119dc486990 DEOPT PACKING pc=0x000001198063534c sp=0x00000002376fca30
Event: 153.263 Thread 0x00000119dc486990 DEOPT UNPACKING pc=0x0000011987584e42 sp=0x00000002376fbfe0 mode 1
Event: 169.085 Thread 0x00000119de286440 DEOPT PACKING pc=0x0000011980f93b77 sp=0x0000000236cfed70
Event: 169.085 Thread 0x00000119de286440 DEOPT UNPACKING pc=0x0000011987584e42 sp=0x0000000236cfe208 mode 0

Classes loaded (20 events):
Event: 153.247 Loading class org/hibernate/StaleStateException
Event: 153.247 Loading class org/hibernate/StaleStateException done
Event: 153.255 Loading class org/hibernate/engine/internal/EntityEntryContext$ImmutableManagedEntityHolder
Event: 153.255 Loading class org/hibernate/engine/internal/EntityEntryContext$ImmutableManagedEntityHolder done
Event: 153.255 Loading class org/hibernate/action/internal/EntityDeleteAction
Event: 153.255 Loading class org/hibernate/action/internal/EntityDeleteAction done
Event: 153.255 Loading class org/hibernate/event/spi/PostDeleteEvent
Event: 153.255 Loading class org/hibernate/event/spi/PostDeleteEvent done
Event: 153.255 Loading class org/hibernate/event/spi/PostDeleteEvent
Event: 153.255 Loading class org/hibernate/event/spi/PostDeleteEvent done
Event: 153.256 Loading class org/hibernate/event/spi/PostDeleteEvent
Event: 153.256 Loading class org/hibernate/event/spi/PostDeleteEvent done
Event: 153.256 Loading class org/hibernate/event/spi/PostDeleteEvent
Event: 153.256 Loading class org/hibernate/event/spi/PostDeleteEvent done
Event: 153.256 Loading class org/hibernate/event/spi/PostDeleteEventListener
Event: 153.256 Loading class org/hibernate/event/spi/PostDeleteEventListener done
Event: 406.610 Loading class org/postgresql/jdbc/TimestampUtils$ParsedBinaryTimestamp
Event: 406.610 Loading class org/postgresql/jdbc/TimestampUtils$ParsedBinaryTimestamp done
Event: 406.612 Loading class org/postgresql/jdbc/TimestampUtils$Infinity
Event: 406.612 Loading class org/postgresql/jdbc/TimestampUtils$Infinity done

Classes unloaded (0 events):
No events

Classes redefined (1 events):
Event: 1.171 Thread 0x00000119fe50c640 redefined class name=java.lang.Throwable, count=1

Internal exceptions (20 events):
Event: 24.059 Thread 0x00000119d477ac50 Exception <a 'java/lang/NoSuchMethodError'{0x00000006c85a2c78}: 'java.lang.Object java.lang.invoke.DirectMethodHandle$Holder.invokeVirtual(java.lang.Object, java.lang.Object, int)'> (0x00000006c85a2c78) 
thrown [s\open\src\hotspot\share\interpreter\linkResolver.cpp, line 773]
Event: 24.306 Thread 0x00000119d477ac50 Exception <a 'java/lang/IncompatibleClassChangeError'{0x00000006c82d7000}: Found class java.lang.Object, but interface was expected> (0x00000006c82d7000) 
thrown [s\open\src\hotspot\share\interpreter\linkResolver.cpp, line 840]
Event: 24.362 Thread 0x00000119d477ac50 Implicit null exception at 0x0000011987bfb8d2 to 0x0000011987bfb9ba
Event: 24.626 Thread 0x00000119d477ac50 Exception <a 'java/lang/IncompatibleClassChangeError'{0x00000006c7566520}: Found class java.lang.Object, but interface was expected> (0x00000006c7566520) 
thrown [s\open\src\hotspot\share\interpreter\linkResolver.cpp, line 840]
Event: 24.929 Thread 0x00000119d477ac50 Exception <a 'java/lang/NoSuchMethodError'{0x00000006c6d68f40}: 'java.lang.Object java.lang.invoke.DirectMethodHandle$Holder.newInvokeSpecial(java.lang.Object, java.lang.Object, int, java.lang.Object, java.lang.Object)'> (0x00000006c6d68f40) 
thrown [s\open\src\hotspot\share\interpreter\linkResolver.cpp, line 773]
Event: 24.929 Thread 0x00000119d477ac50 Exception <a 'java/lang/NoSuchMethodError'{0x00000006c6d6ce90}: 'java.lang.Object java.lang.invoke.DirectMethodHandle$Holder.invokeSpecial(java.lang.Object, java.lang.Object, java.lang.Object, int, java.lang.Object, java.lang.Object)'> (0x00000006c6d6ce90) 
thrown [s\open\src\hotspot\share\interpreter\linkResolver.cpp, line 773]
Event: 112.124 Thread 0x00000119dc48d920 Exception <a 'java/lang/NoSuchMethodError'{0x00000006c807f888}: 'java.lang.Object java.lang.invoke.DirectMethodHandle$Holder.invokeStatic(java.lang.Object, java.lang.Object, java.lang.Object, int, int)'> (0x00000006c807f888) 
thrown [s\open\src\hotspot\share\interpreter\linkResolver.cpp, line 773]
Event: 112.125 Thread 0x00000119dc48d920 Exception <a 'java/lang/NoSuchMethodError'{0x00000006c8083120}: 'java.lang.Object java.lang.invoke.DirectMethodHandle$Holder.invokeStaticInit(java.lang.Object, java.lang.Object, java.lang.Object, int, int)'> (0x00000006c8083120) 
thrown [s\open\src\hotspot\share\interpreter\linkResolver.cpp, line 773]
Event: 112.201 Thread 0x00000119de28b300 Exception <a 'java/lang/NoSuchMethodError'{0x00000006c8209e38}: 'java.lang.Object java.lang.invoke.DirectMethodHandle$Holder.invokeSpecial(java.lang.Object, java.lang.Object, java.lang.Object, java.lang.Object, java.lang.Object, long)'> (0x00000006c8209e38) 
thrown [s\open\src\hotspot\share\interpreter\linkResolver.cpp, line 773]
Event: 112.202 Thread 0x00000119de28b300 Exception <a 'java/lang/NoSuchMethodError'{0x00000006c820d628}: 'java.lang.Object java.lang.invoke.Invokers$Holder.linkToTargetMethod(java.lang.Object, java.lang.Object, java.lang.Object, long, java.lang.Object)'> (0x00000006c820d628) 
thrown [s\open\src\hotspot\share\interpreter\linkResolver.cpp, line 773]
Event: 112.514 Thread 0x00000119de28b300 Exception <a 'java/lang/IncompatibleClassChangeError'{0x00000006c7ea1590}: Found class java.lang.Object, but interface was expected> (0x00000006c7ea1590) 
thrown [s\open\src\hotspot\share\interpreter\linkResolver.cpp, line 840]
Event: 112.592 Thread 0x00000119de28b300 Exception <a 'java/lang/NoSuchMethodError'{0x00000006c74b72e0}: 'java.lang.Object java.lang.invoke.DirectMethodHandle$Holder.invokeStatic(java.lang.Object, java.lang.Object, java.lang.Object, java.lang.Object, java.lang.Object, java.lang.Object, java.lang.Object, java.lang.Object, java.lang.Object, java.lang.Object, int)'> (0x00000006c74b72e0) 
thrown [s\open\src\hotspot\share\interpreter\linkResolver.cpp, line 773]
Event: 112.593 Thread 0x00000119de28b300 Exception <a 'java/lang/NoSuchMethodError'{0x00000006c74c2908}: 'java.lang.Object java.lang.invoke.DirectMethodHandle$Holder.invokeStatic(java.lang.Object, java.lang.Object, java.lang.Object, java.lang.Object, java.lang.Object, java.lang.Object, java.lang.Object, java.lang.Object, java.lang.Object, java.lang.Object, java.lang.Object, int)'> (0x00000006c74c2908) 
thrown [s\open\src\hotspot\share\interpreter\linkResolver.cpp, line 773]
Event: 112.598 Thread 0x00000119de28b300 Exception <a 'java/lang/NoSuchMethodError'{0x00000006c74d01c0}: 'java.lang.Object java.lang.invoke.DirectMethodHandle$Holder.invokeStatic(java.lang.Object, java.lang.Object, java.lang.Object, java.lang.Object, java.lang.Object, java.lang.Object, java.lang.Object, java.lang.Object, java.lang.Object, int)'> (0x00000006c74d01c0) 
thrown [s\open\src\hotspot\share\interpreter\linkResolver.cpp, line 773]
Event: 112.672 Thread 0x00000119de28b300 Exception <a 'java/lang/NoSuchMethodError'{0x00000006c76b9e08}: 'java.lang.Object java.lang.invoke.DirectMethodHandle$Holder.newInvokeSpecial(java.lang.Object, java.lang.Object, int, int)'> (0x00000006c76b9e08) 
thrown [s\open\src\hotspot\share\interpreter\linkResolver.cpp, line 773]
Event: 112.672 Thread 0x00000119de28b300 Exception <a 'java/lang/NoSuchMethodError'{0x00000006c76be170}: 'java.lang.Object java.lang.invoke.DirectMethodHandle$Holder.invokeSpecial(java.lang.Object, java.lang.Object, java.lang.Object, int, int)'> (0x00000006c76be170) 
thrown [s\open\src\hotspot\share\interpreter\linkResolver.cpp, line 773]
Event: 112.800 Thread 0x00000119de28b300 Exception <a 'java/lang/IncompatibleClassChangeError'{0x00000006c713a668}: Found class java.lang.Object, but interface was expected> (0x00000006c713a668) 
thrown [s\open\src\hotspot\share\interpreter\linkResolver.cpp, line 840]
Event: 148.092 Thread 0x00000119dc488a60 Exception <a 'java/lang/NoSuchMethodError'{0x00000006c5da44a0}: 'int java.lang.invoke.DirectMethodHandle$Holder.invokeStatic(java.lang.Object, java.lang.Object, int, int)'> (0x00000006c5da44a0) 
thrown [s\open\src\hotspot\share\interpreter\linkResolver.cpp, line 773]
Event: 153.212 Thread 0x00000119dc486990 Exception <a 'java/lang/NoSuchMethodError'{0x00000006c58de358}: 'java.lang.Object java.lang.invoke.DirectMethodHandle$Holder.invokeInterface(java.lang.Object, java.lang.Object, java.lang.Object, java.lang.Object, java.lang.Object)'> (0x00000006c58de358) 
thrown [s\open\src\hotspot\share\interpreter\linkResolver.cpp, line 773]
Event: 153.223 Thread 0x00000119dc486990 Exception <a 'java/lang/NoSuchMethodError'{0x00000006c5921758}: 'void java.lang.invoke.DirectMethodHandle$Holder.invokeSpecialIFC(java.lang.Object, java.lang.Object, int, java.lang.Object, java.lang.Object, java.lang.Object, java.lang.Object)'> (0x00000006c5921758) 
thrown [s\open\src\hotspot\share\interpreter\linkResolver.cpp, line 773]

ZGC Phase Switch (0 events):
No events

VM Operations (20 events):
Event: 299.523 Executing VM operation: Cleanup done
Event: 315.505 Executing VM operation: G1CollectForAllocation (G1 Evacuation Pause)
Event: 315.512 Executing VM operation: G1CollectForAllocation (G1 Evacuation Pause) done
Event: 323.564 Executing VM operation: Cleanup
Event: 323.564 Executing VM operation: Cleanup done
Event: 340.676 Executing VM operation: Cleanup
Event: 340.676 Executing VM operation: Cleanup done
Event: 373.958 Executing VM operation: Cleanup
Event: 373.958 Executing VM operation: Cleanup done
Event: 407.194 Executing VM operation: Cleanup
Event: 407.194 Executing VM operation: Cleanup done
Event: 421.114 Executing VM operation: HandshakeAllThreads (HandshakeForDeflation)
Event: 421.114 Executing VM operation: HandshakeAllThreads (HandshakeForDeflation) done
Event: 421.114 Executing VM operation: RendezvousGCThreads
Event: 421.114 Executing VM operation: RendezvousGCThreads done
Event: 469.024 Executing VM operation: G1CollectForAllocation (G1 Evacuation Pause)
Event: 469.029 Executing VM operation: G1CollectForAllocation (G1 Evacuation Pause) done
Event: 526.479 Executing VM operation: Cleanup
Event: 526.479 Executing VM operation: Cleanup done
Event: 625.137 Executing VM operation: G1CollectForAllocation (G1 Evacuation Pause)

Events (20 events):
Event: 24.943 Thread 0x00000119de28b300 Thread added: 0x00000119de28b300
Event: 24.943 Thread 0x00000119dc489e10 Thread added: 0x00000119dc489e10
Event: 24.943 Thread 0x00000119dc487020 Thread added: 0x00000119dc487020
Event: 24.943 Thread 0x00000119dc487d40 Thread added: 0x00000119dc487d40
Event: 24.943 Thread 0x00000119dc489780 Thread added: 0x00000119dc489780
Event: 24.943 Thread 0x00000119dc4876b0 Thread added: 0x00000119dc4876b0
Event: 24.944 Thread 0x00000119dc4883d0 Thread added: 0x00000119dc4883d0
Event: 24.944 Thread 0x00000119dc488a60 Thread added: 0x00000119dc488a60
Event: 24.944 Thread 0x00000119dc4890f0 Thread added: 0x00000119dc4890f0
Event: 24.944 Thread 0x00000119dc486990 Thread added: 0x00000119dc486990
Event: 24.980 Thread 0x00000119dc48bee0 Thread added: 0x00000119dc48bee0
Event: 24.982 Thread 0x00000119dc48d920 Thread added: 0x00000119dc48d920
Event: 25.009 Thread 0x00000119d477ac50 Thread exited: 0x00000119d477ac50
Event: 25.018 Thread 0x00000119d46b83a0 Thread exited: 0x00000119d46b83a0
Event: 25.020 Thread 0x00000119eae4ed90 Thread exited: 0x00000119eae4ed90
Event: 25.021 Thread 0x00000119dc48a4a0 Thread added: 0x00000119dc48a4a0
Event: 26.032 Thread 0x00000119dc08fa90 Thread exited: 0x00000119dc08fa90
Event: 26.032 Thread 0x00000119dc090f00 Thread exited: 0x00000119dc090f00
Event: 112.346 Thread 0x00000119dc08fa90 Thread added: 0x00000119dc08fa90
Event: 115.987 Thread 0x00000119dc08fa90 Thread exited: 0x00000119dc08fa90


Dynamic libraries:
0x00007ff66ee20000 - 0x00007ff66ee30000 	C:\Program Files\Java\jdk-21_windows-x64_bin\jdk-21.0.6\bin\java.exe
0x00007ffaa79e0000 - 0x00007ffaa7c47000 	C:\WINDOWS\SYSTEM32\ntdll.dll
0x00007ffaa61f0000 - 0x00007ffaa62b9000 	C:\WINDOWS\System32\KERNEL32.DLL
0x00007ffaa51c0000 - 0x00007ffaa55b4000 	C:\WINDOWS\System32\KERNELBASE.dll
0x00007ffaa4e90000 - 0x00007ffaa4fdb000 	C:\WINDOWS\System32\ucrtbase.dll
0x00007ffa81350000 - 0x00007ffa8136b000 	C:\Program Files\Java\jdk-21_windows-x64_bin\jdk-21.0.6\bin\VCRUNTIME140.dll
0x00007ffa80470000 - 0x00007ffa80489000 	C:\Program Files\Java\jdk-21_windows-x64_bin\jdk-21.0.6\bin\jli.dll
0x00007ffaa7520000 - 0x00007ffaa75d6000 	C:\WINDOWS\System32\ADVAPI32.dll
0x00007ffaa58c0000 - 0x00007ffaa5969000 	C:\WINDOWS\System32\msvcrt.dll
0x00007ffaa5770000 - 0x00007ffaa5817000 	C:\WINDOWS\System32\sechost.dll
0x00007ffaa5b70000 - 0x00007ffaa5c88000 	C:\WINDOWS\System32\RPCRT4.dll
0x00007ffaa59a0000 - 0x00007ffaa5b65000 	C:\WINDOWS\System32\USER32.dll
0x00007ffaa55c0000 - 0x00007ffaa55e7000 	C:\WINDOWS\System32\win32u.dll
0x00007ffaa5970000 - 0x00007ffaa599b000 	C:\WINDOWS\System32\GDI32.dll
0x00007ffa92c50000 - 0x00007ffa92ee3000 	C:\WINDOWS\WinSxS\amd64_microsoft.windows.common-controls_6595b64144ccf1df_6.0.26100.8115_none_3e075c82e3354f9c\COMCTL32.dll
0x00007ffaa5090000 - 0x00007ffaa51bb000 	C:\WINDOWS\System32\gdi32full.dll
0x00007ffaa4de0000 - 0x00007ffaa4e83000 	C:\WINDOWS\System32\msvcp_win.dll
0x00007ffa96ee0000 - 0x00007ffa96eeb000 	C:\WINDOWS\SYSTEM32\VERSION.dll
0x00007ffaa78f0000 - 0x00007ffaa7922000 	C:\WINDOWS\System32\IMM32.DLL
0x00007ffa9de60000 - 0x00007ffa9de6c000 	C:\Program Files\Java\jdk-21_windows-x64_bin\jdk-21.0.6\bin\vcruntime140_1.dll
0x00007ffa34c00000 - 0x00007ffa34c8e000 	C:\Program Files\Java\jdk-21_windows-x64_bin\jdk-21.0.6\bin\msvcp140.dll
0x00007ffa0bb00000 - 0x00007ffa0c81a000 	C:\Program Files\Java\jdk-21_windows-x64_bin\jdk-21.0.6\bin\server\jvm.dll
0x00007ffaa5830000 - 0x00007ffaa58b0000 	C:\WINDOWS\System32\WS2_32.dll
0x00007ffaa4110000 - 0x00007ffaa416e000 	C:\WINDOWS\SYSTEM32\POWRPROF.dll
0x00007ffa910d0000 - 0x00007ffa91106000 	C:\WINDOWS\SYSTEM32\WINMM.dll
0x00007ffaa40f0000 - 0x00007ffaa4104000 	C:\WINDOWS\SYSTEM32\UMPDC.dll
0x00007ffaa3040000 - 0x00007ffaa305b000 	C:\WINDOWS\SYSTEM32\kernel.appcore.dll
0x00007ffa9db70000 - 0x00007ffa9db7a000 	C:\Program Files\Java\jdk-21_windows-x64_bin\jdk-21.0.6\bin\jimage.dll
0x00007ffaa2190000 - 0x00007ffaa23d2000 	C:\WINDOWS\SYSTEM32\DBGHELP.DLL
0x00007ffaa6bf0000 - 0x00007ffaa6f72000 	C:\WINDOWS\System32\combase.dll
0x00007ffaa6a80000 - 0x00007ffaa6b58000 	C:\WINDOWS\System32\OLEAUT32.dll
0x00007ffa82ab0000 - 0x00007ffa82aeb000 	C:\WINDOWS\SYSTEM32\dbgcore.DLL
0x00007ffaa4fe0000 - 0x00007ffaa5085000 	C:\WINDOWS\System32\bcryptPrimitives.dll
0x00007ffa1e440000 - 0x00007ffa1e47c000 	C:\Program Files\Java\jdk-21_windows-x64_bin\jdk-21.0.6\bin\jdwp.dll
0x00007ffa80870000 - 0x00007ffa8087f000 	C:\Program Files\Java\jdk-21_windows-x64_bin\jdk-21.0.6\bin\instrument.dll
0x00007ffa7a750000 - 0x00007ffa7a76f000 	C:\Program Files\Java\jdk-21_windows-x64_bin\jdk-21.0.6\bin\java.dll
0x00007ffa793e0000 - 0x00007ffa793f8000 	C:\Program Files\Java\jdk-21_windows-x64_bin\jdk-21.0.6\bin\zip.dll
0x00007ffaa6310000 - 0x00007ffaa6a77000 	C:\WINDOWS\System32\SHELL32.dll
0x00007ffaa4be0000 - 0x00007ffaa4d4a000 	C:\WINDOWS\System32\wintypes.dll
0x00007ffaa42b0000 - 0x00007ffaa4b18000 	C:\WINDOWS\System32\windows.storage.dll
0x00007ffaa6f80000 - 0x00007ffaa7078000 	C:\WINDOWS\System32\SHCORE.dll
0x00007ffaa7930000 - 0x00007ffaa7996000 	C:\WINDOWS\System32\shlwapi.dll
0x00007ffaa41d0000 - 0x00007ffaa41f9000 	C:\WINDOWS\SYSTEM32\profapi.dll
0x00007ffa15310000 - 0x00007ffa153e7000 	C:\Program Files\Java\jdk-21_windows-x64_bin\jdk-21.0.6\bin\jsvml.dll
0x00007ffa77b80000 - 0x00007ffa77b8c000 	C:\Program Files\Java\jdk-21_windows-x64_bin\jdk-21.0.6\bin\dt_socket.dll
0x00007ffaa2a40000 - 0x00007ffaa2a72000 	C:\WINDOWS\SYSTEM32\IPHLPAPI.DLL
0x00007ffaa35b0000 - 0x00007ffaa361c000 	C:\WINDOWS\system32\mswsock.dll
0x00007ffa77b70000 - 0x00007ffa77b80000 	C:\Program Files\Java\jdk-21_windows-x64_bin\jdk-21.0.6\bin\net.dll
0x00007ffa9a100000 - 0x00007ffa9a22d000 	C:\WINDOWS\SYSTEM32\WINHTTP.dll
0x00007ffa6fc50000 - 0x00007ffa6fc66000 	C:\Program Files\Java\jdk-21_windows-x64_bin\jdk-21.0.6\bin\nio.dll
0x00007ffa6fc40000 - 0x00007ffa6fc4a000 	C:\Program Files\Java\jdk-21_windows-x64_bin\jdk-21.0.6\bin\management.dll
0x00007ffa60080000 - 0x00007ffa6008b000 	C:\Program Files\Java\jdk-21_windows-x64_bin\jdk-21.0.6\bin\management_ext.dll
0x00007ffaa5820000 - 0x00007ffaa5828000 	C:\WINDOWS\System32\PSAPI.DLL
0x00007ffa5ff80000 - 0x00007ffa5ff8e000 	C:\Program Files\Java\jdk-21_windows-x64_bin\jdk-21.0.6\bin\sunmscapi.dll
0x00007ffaa55f0000 - 0x00007ffaa5767000 	C:\WINDOWS\System32\CRYPT32.dll
0x00007ffaa3ab0000 - 0x00007ffaa3ae0000 	C:\WINDOWS\SYSTEM32\ncrypt.dll
0x00007ffaa3a60000 - 0x00007ffaa3a9f000 	C:\WINDOWS\SYSTEM32\NTASN1.dll
0x00007ffaa3890000 - 0x00007ffaa38ab000 	C:\WINDOWS\SYSTEM32\CRYPTSP.dll
0x00007ffaa2fa0000 - 0x00007ffaa2fd9000 	C:\WINDOWS\system32\rsaenh.dll
0x00007ffaa3660000 - 0x00007ffaa3693000 	C:\WINDOWS\SYSTEM32\USERENV.dll
0x00007ffaa41a0000 - 0x00007ffaa41ca000 	C:\WINDOWS\SYSTEM32\bcrypt.dll
0x00007ffaa38b0000 - 0x00007ffaa38bc000 	C:\WINDOWS\SYSTEM32\CRYPTBASE.dll
0x00007ffaa6020000 - 0x00007ffaa602a000 	C:\WINDOWS\System32\NSI.dll
0x00007ffaa2ae0000 - 0x00007ffaa2c12000 	C:\WINDOWS\SYSTEM32\DNSAPI.dll
0x00007ffa956a0000 - 0x00007ffa956ab000 	C:\Windows\System32\rasadhlp.dll
0x00007ffa96f60000 - 0x00007ffa96fe6000 	C:\WINDOWS\System32\fwpuclnt.dll
0x00007ffa8d530000 - 0x00007ffa8d539000 	C:\Program Files\Java\jdk-21_windows-x64_bin\jdk-21.0.6\bin\extnet.dll
0x00007ffa7f0b0000 - 0x00007ffa7f0b8000 	C:\WINDOWS\system32\wshunix.dll

dbghelp: loaded successfully - version: 4.0.5 - missing functions: none
symbol engine: initialized successfully - sym options: 0x614 - pdb path: .;C:\Program Files\Java\jdk-21_windows-x64_bin\jdk-21.0.6\bin;C:\WINDOWS\SYSTEM32;C:\WINDOWS\WinSxS\amd64_microsoft.windows.common-controls_6595b64144ccf1df_6.0.26100.8115_none_3e075c82e3354f9c;C:\Program Files\Java\jdk-21_windows-x64_bin\jdk-21.0.6\bin\server

VM Arguments:
jvm_args: -agentlib:jdwp=transport=dt_socket,address=127.0.0.1:57076,suspend=y,server=n -javaagent:C:\Users\mdavi\AppData\Local\JetBrains\IdeaIC2024.3\captureAgent\debugger-agent.jar -Dkotlinx.coroutines.debug.enable.creation.stack.trace=false -Ddebugger.agent.enable.coroutines=true -Dkotlinx.coroutines.debug.enable.flows.stack.trace=true -Dkotlinx.coroutines.debug.enable.mutable.state.flows.stack.trace=true -Dfile.encoding=UTF-8 -Dsun.stdout.encoding=UTF-8 -Dsun.stderr.encoding=UTF-8 
java_command: com.Unifor.MedMaisFacil.MedMaisFacilApplication
java_class_path (initial): C:\Users\mdavi\OneDrive\ﾁrea de Trabalho\Unifor\7ｰ Semestre\PFI1\MedMaisFacil-API\med_mais_facil-api\target\classes;C:\Users\mdavi\.m2\repository\org\springframework\boot\spring-boot-starter-validation\4.0.4\spring-boot-starter-validation-4.0.4.jar;C:\Users\mdavi\.m2\repository\org\springframework\boot\spring-boot-starter\4.0.4\spring-boot-starter-4.0.4.jar;C:\Users\mdavi\.m2\repository\org\springframework\boot\spring-boot-starter-logging\4.0.4\spring-boot-starter-logging-4.0.4.jar;C:\Users\mdavi\.m2\repository\ch\qos\logback\logback-classic\1.5.32\logback-classic-1.5.32.jar;C:\Users\mdavi\.m2\repository\ch\qos\logback\logback-core\1.5.32\logback-core-1.5.32.jar;C:\Users\mdavi\.m2\repository\org\apache\logging\log4j\log4j-to-slf4j\2.25.3\log4j-to-slf4j-2.25.3.jar;C:\Users\mdavi\.m2\repository\org\apache\logging\log4j\log4j-api\2.25.3\log4j-api-2.25.3.jar;C:\Users\mdavi\.m2\repository\org\slf4j\jul-to-slf4j\2.0.17\jul-to-slf4j-2.0.17.jar;C:\Users\mdavi\.m2\repository\jakarta\annotation\jakarta.annotation-api\3.0.0\jakarta.annotation-api-3.0.0.jar;C:\Users\mdavi\.m2\repository\org\yaml\snakeyaml\2.5\snakeyaml-2.5.jar;C:\Users\mdavi\.m2\repository\org\springframework\boot\spring-boot-validation\4.0.4\spring-boot-validation-4.0.4.jar;C:\Users\mdavi\.m2\repository\org\apache\tomcat\embed\tomcat-embed-el\11.0.18\tomcat-embed-el-11.0.18.jar;C:\Users\mdavi\.m2\repository\org\hibernate\validator\hibernate-validator\9.0.1.Final\hibernate-validator-9.0.1.Final.jar;C:\Users\mdavi\.m2\repository\jakarta\validation\jakarta.validation-api\3.1.1\jakarta.validation-api-3.1.1.jar;C:\Users\mdavi\.m2\repository\org\jboss\logging\jboss-logging\3.6.3.Final\jboss-logging-3.6.3.Final.jar;C:\Users\mdavi\.m2\repository\com\fasterxml\classmate\1.7.3\classmate-1.7.3.jar;C:\Users\mdavi\.m2\repository\org\springframework\boot\spring-boot-starter-webmvc\4.0.4\spring-boot-starter-webmvc-4.0.4.jar;C:\Users\mdavi\.m2\repository\org\springframework\boot\spring-boot-starter-jackson\4.0.4\spring-boot-starter-jackson-4.0.4.jar;C:\Users\mdavi\.m2\repository\org\springframework\boot\spring-boot-jackson\4.0.4\spring-boot-jackson-4.0.4.jar;C:\Users\mdavi\.m2\repository\tools\jackson\core\jackson-databind\3.1.0\jackson-databind-3.1.0.jar;C:\Users\mdavi\.m2\repository\com\fasterxml\jackson\core\jackson-annotations\2.21\jackson-annotations-2.21.jar;C:\Users\mdavi\.m2\repository\tools\jackson\core\jackson-core\3.1.0\jackson-core-3.1.0.jar;C:\Users\mdavi\.m2\repository\org\springframework\boot\spring-boot-starter-tomcat\4.0.4\spring-boot-starter-tomcat-4.0.4.jar;C:\Users\mdavi\.m2\repository\org\springframework\boot\spring-boot-starter-tomcat-runtime\4.0.4\spring-boot-starter-tomcat-runtime-4.0.4.jar;C:\Users\mdavi\.m2\repository\org\apache\tomcat\embed\tomcat-embed-core\11.0.18\tomcat-embed-core-11.0.18.jar;C:\Users\mdavi\.m2\repository\org\apache\tomcat\embed\tomcat-embed-websocket\11.0.18\tomcat-embed-websocket-11.0.18.jar;C:\Users\mdavi\.m2\repository\org\springframework\boot\spring-boot-tomcat\4.0.4\spring-boot-tomcat-4.0.4.jar;C:\Users\mdavi\.m2\repository\org\springframework\boot\spring-boot-http-converter\4.0.4\spring-boot-http-converter-4.0.4.jar;C:\Users\mdavi\.m2\repository\org\springframework\spring-web\7.0.6\spring-web-7.0.6.jar;C:\Users\mdavi\.m2\repository\org\springframework\spring-beans\7.0.6\spring-beans-7.0.6.jar;C:\Users\mdavi\.m2\repository\io\micrometer\micrometer-observation\1.16.4\micrometer-observation-1.16.4.jar;C:\Users\mdavi\.m2\repository\io\micrometer\micrometer-commons\1.16.4\micrometer-commons-1.16.4.jar;C:\Users\mdavi\.m2\repository\org\springframework\boot\spring-boot-webmvc\4.0.4\spring-boot-webmvc-4.0.4.jar;C:\Users\mdavi\.m2\repository\org\springframework\boot\spring-boot-servlet\4.0.4\spring-boot-servlet-4.0.4.jar;C:\Users\mdavi\.m2\repository\org\springframework\spring-webmvc\7.0.6\spring-webmvc-7.0.6.jar;C:\Users\mdavi\.m2\repository\org\springframework\spring-aop\7.0.6\spring-aop-7.0.6.jar;C:\Users\mdavi\.m2\repository\org\springframework\spring-expression\7.0.6\spring-expression-7.0.6.jar;C:\Users\mdavi\.m2\repository\org\springframework\boot\spring-boot-starter-data-jpa\4.0.4\spring-boot-starter-data-jpa-4.0.4.jar;C:\Users\mdavi\.m2\repository\org\springframework\boot\spring-boot-starter-jdbc\4.0.4\spring-boot-starter-jdbc-4.0.4.jar;C:\Users\mdavi\.m2\repository\com\zaxxer\HikariCP\7.0.2\HikariCP-7.0.2.jar;C:\Users\mdavi\.m2\repository\org\slf4j\slf4j-api\2.0.17\slf4j-api-2.0.17.jar;C:\Users\mdavi\.m2\repository\org\springframework\boot\spring-boot-data-jpa\4.0.4\spring-boot-data-jpa-4.0.4.jar;C:\Users\mdavi\.m2\repository\org\springframework\boot\spring-boot-data-commons\4.0.4\spring-boot-data-commons-4.0.4.jar;C:\Users\mdavi\.m2\repository\org\springframework\boot\spring-boot-persistence\4.0.4\spring-boot-persistence-4.0.4.jar;C:\Users\mdavi\.m2\repository\org\springframework\data\spring-data-commons\4.0.4\spring-data-commons-4.0.4.jar;C:\Users\mdavi\.m2\repository\org\springframework\boot\spring-boot-hibernate\4.0.4\spring-boot-hibernate-4.0.4.jar;C:\Users\mdavi\.m2\repository\org\springframework\boot\spring-boot-jpa\4.0.4\spring-boot-jpa-4.0.4.jar;C:\Users\mdavi\.m2\repository\jakarta\persistence\jakarta.persistence-api\3.2.0\jakarta.persistence-api-3.2.0.jar;C:\Users\mdavi\.m2\repository\org\hibernate\orm\hibernate-core\7.2.7.Final\hibernate-core-7.2.7.Final.jar;C:\Users\mdavi\.m2\repository\jakarta\transaction\jakarta.transaction-api\2.0.1\jakarta.transaction-api-2.0.1.jar;C:\Users\mdavi\.m2\repository\org\hibernate\models\hibernate-models\1.0.1\hibernate-models-1.0.1.jar;C:\Users\mdavi\.m2\repository\org\glassfish\jaxb\jaxb-runtime\4.0.6\jaxb-runtime-4.0.6.jar;C:\Users\mdavi\.m2\repository\org\glassfish\jaxb\jaxb-core\4.0.6\jaxb-core-4.0.6.jar;C:\Users\mdavi\.m2\repository\org\eclipse\angus\angus-activation\2.0.3\angus-activation-2.0.3.jar;C:\Users\mdavi\.m2\repository\org\glassfish\jaxb\txw2\4.0.6\txw2-4.0.6.jar;C:\Users\mdavi\.m2\repository\com\sun\istack\istack-commons-runtime\4.1.2\istack-commons-runtime-4.1.2.jar;C:\Users\mdavi\.m2\repository\jakarta\inject\jakarta.inject-api\2.0.1\jakarta.inject-api-2.0.1.jar;C:\Users\mdavi\.m2\repository\org\springframework\spring-orm\7.0.6\spring-orm-7.0.6.jar;C:\Users\mdavi\.m2\repository\org\springframework\data\spring-data-jpa\4.0.4\spring-data-jpa-4.0.4.jar;C:\Users\mdavi\.m2\repository\org\springframework\spring-tx\7.0.6\spring-tx-7.0.6.jar;C:\Users\mdavi\.m2\repository\org\antlr\antlr4-runtime\4.13.2\antlr4-runtime-4.13.2.jar;C:\Users\mdavi\.m2\repository\org\springframework\spring-aspects\7.0.6\spring-aspects-7.0.6.jar;C:\Users\mdavi\.m2\repository\org\aspectj\aspectjweaver\1.9.25.1\aspectjweaver-1.9.25.1.jar;C:\Users\mdavi\.m2\repository\org\springframework\boot\spring-boot-jdbc\4.0.4\spring-boot-jdbc-4.0.4.jar;C:\Users\mdavi\.m2\repository\org\springframework\boot\spring-boot-sql\4.0.4\spring-boot-sql-4.0.4.jar;C:\Users\mdavi\.m2\repository\org\springframework\boot\spring-boot-transaction\4.0.4\spring-boot-transaction-4.0.4.jar;C:\Users\mdavi\.m2\repository\org\springframework\spring-jdbc\7.0.6\spring-jdbc-7.0.6.jar;C:\Users\mdavi\.m2\repository\org\springframework\boot\spring-boot-devtools\4.0.4\spring-boot-devtools-4.0.4.jar;C:\Users\mdavi\.m2\repository\org\springframework\boot\spring-boot\4.0.4\spring-boot-4.0.4.jar;C:\Users\mdavi\.m2\repository\org\springframework\spring-core\7.0.6\spring-core-7.0.6.jar;C:\Users\mdavi\.m2\repository\commons-logging\commons-logging\1.3.6\commons-logging-1.3.6.jar;C:\Users\mdavi\.m2\repository\org\jspecify\jspecify\1.0.0\jspecify-1.0.0.jar;C:\Users\mdavi\.m2\repository\org\springframework\spring-context\7.0.6\spring-context-7.0.6.jar;C:\Users\mdavi\.m2\repository\org\springframework\boot\spring-boot-autoconfigure\4.0.4\spring-boot-autoconfigure-4.0.4.jar;C:\Users\mdavi\.m2\repository\org\postgresql\postgresql\42.7.10\postgresql-42.7.10.jar;C:\Users\mdavi\.m2\repository\org\checkerframework\checker-qual\3.52.0\checker-qual-3.52.0.jar;C:\Users\mdavi\.m2\repository\org\projectlombok\lombok\1.18.44\lombok-1.18.44.jar;C:\Users\mdavi\.m2\repository\jakarta\xml\bind\jakarta.xml.bind-api\4.0.4\jakarta.xml.bind-api-4.0.4.jar;C:\Users\mdavi\.m2\repository\jakarta\activation\jakarta.activation-api\2.1.4\jakarta.activation-api-2.1.4.jar;C:\Users\mdavi\.m2\repository\net\bytebuddy\byte-buddy\1.17.8\byte-buddy-1.17.8.jar;C:\Users\mdavi\.m2\repository\org\springframework\boot\spring-boot-web-server\4.0.4\spring-boot-web-server-4.0.4.jar;C:\Program Files\JetBrains\IntelliJ IDEA Community Edition 2024.3.5\lib\idea_rt.jar
Launcher Type: SUN_STANDARD

[Global flags]
     intx CICompilerCount                          = 4                                         {product} {ergonomic}
     uint ConcGCThreads                            = 2                                         {product} {ergonomic}
     uint G1ConcRefinementThreads                  = 8                                         {product} {ergonomic}
   size_t G1HeapRegionSize                         = 4194304                                   {product} {ergonomic}
    uintx GCDrainStackTargetSize                   = 64                                        {product} {ergonomic}
   size_t InitialHeapSize                          = 335544320                                 {product} {ergonomic}
   size_t MarkStackSize                            = 4194304                                   {product} {ergonomic}
   size_t MaxHeapSize                              = 5339348992                                {product} {ergonomic}
   size_t MaxNewSize                               = 3200253952                                {product} {ergonomic}
   size_t MinHeapDeltaBytes                        = 4194304                                   {product} {ergonomic}
   size_t MinHeapSize                              = 8388608                                   {product} {ergonomic}
    uintx NonNMethodCodeHeapSize                   = 5839372                                {pd product} {ergonomic}
    uintx NonProfiledCodeHeapSize                  = 122909434                              {pd product} {ergonomic}
    uintx ProfiledCodeHeapSize                     = 122909434                              {pd product} {ergonomic}
    uintx ReservedCodeCacheSize                    = 251658240                              {pd product} {ergonomic}
     bool SegmentedCodeCache                       = true                                      {product} {ergonomic}
   size_t SoftMaxHeapSize                          = 5339348992                             {manageable} {ergonomic}
     bool UseCompressedOops                        = true                           {product lp64_product} {ergonomic}
     bool UseG1GC                                  = true                                      {product} {ergonomic}
     bool UseLargePagesIndividualAllocation        = false                                  {pd product} {ergonomic}

Logging:
Log output configuration:
 #0: stdout all=warning uptime,level,tags foldmultilines=false
 #1: stderr all=off uptime,level,tags foldmultilines=false

Environment Variables:
JAVA_HOME=C:\Program Files\Java\jdk-21_windows-x64_bin\jdk-21.0.6
PATH=C:\WINDOWS\system32;C:\WINDOWS;C:\WINDOWS\System32\Wbem;C:\WINDOWS\System32\WindowsPowerShell\v1.0\;C:\WINDOWS\System32\OpenSSH\;C:\Program Files\Java\jdk-21_windows-x64_bin\jdk-21.0.6\bin;C:\Program Files\apache-maven-3.9.9-bin\apache-maven-3.9.9\bin;C:\Program Files\nodejs\;C:\Program Files\Docker\Docker\resources\bin;C:\Program Files\Git\cmd;C:\Program Files\GitHub CLI\;C:\Users\mdavi\AppData\Local\Programs\GitHub CLI\;C:\Users\mdavi\lein\bin;C:\Program Files\dotnet\;C:\Users\mdavi\AppData\Local\Programs\Python\Python313\Scripts\;C:\Users\mdavi\AppData\Local\Programs\Python\Python313\;C:\Users\mdavi\AppData\Local\Programs\Python\Launcher\;C:\Users\mdavi\AppData\Local\Microsoft\WindowsApps;C:\Users\mdavi\AppData\Local\Programs\Microsoft VS Code\bin;C:\Users\mdavi\AppData\Roaming\npm;C:\Program Files\JetBrains\IntelliJ IDEA Community Edition 2024.3.5\bin;;C:\Users\mdavi\lein\bin;C:\Users\mdavi\.dotnet\tools
USERNAME=mdavi
OS=Windows_NT
PROCESSOR_IDENTIFIER=Intel64 Family 6 Model 142 Stepping 12, GenuineIntel
TMP=C:\Users\mdavi\AppData\Local\Temp
TEMP=C:\Users\mdavi\AppData\Local\Temp




Periodic native trim disabled

---------------  S Y S T E M  ---------------

OS:
 Windows 11 , 64 bit Build 26100 (10.0.26100.8246)
OS uptime: 0 days 0:14 hours
Hyper-V role detected

CPU: total 8 (initial active 8) (4 cores per cpu, 2 threads per core) family 6 model 142 stepping 12 microcode 0xea, cx8, cmov, fxsr, ht, mmx, 3dnowpref, sse, sse2, sse3, ssse3, sse4.1, sse4.2, popcnt, lzcnt, tsc, tscinvbit, avx, avx2, aes, erms, clmul, bmi1, bmi2, adx, fma, vzeroupper, clflush, clflushopt, hv, rdtscp, f16c
Processor Information for processor 0
  Max Mhz: 1992, Current Mhz: 1792, Mhz Limit: 1792
Processor Information for processor 1
  Max Mhz: 1992, Current Mhz: 1494, Mhz Limit: 1792
Processor Information for processor 2
  Max Mhz: 1992, Current Mhz: 1494, Mhz Limit: 1792
Processor Information for processor 3
  Max Mhz: 1992, Current Mhz: 1494, Mhz Limit: 1792
Processor Information for processor 4
  Max Mhz: 1992, Current Mhz: 1494, Mhz Limit: 1792
Processor Information for processor 5
  Max Mhz: 1992, Current Mhz: 1494, Mhz Limit: 1792
Processor Information for processor 6
  Max Mhz: 1992, Current Mhz: 1792, Mhz Limit: 1792
Processor Information for processor 7
  Max Mhz: 1992, Current Mhz: 1494, Mhz Limit: 1792

Memory: 4k page, system-wide physical 20360M (7294M free)
TotalPageFile size 21640M (AvailPageFile size 7099M)
current process WorkingSet (physical memory assigned to process): 399M, peak: 465M
current process commit charge ("private bytes"): 438M, peak: 514M

vm_info: Java HotSpot(TM) 64-Bit Server VM (21.0.6+8-LTS-188) for windows-amd64 JRE (21.0.6+8-LTS-188), built on 2024-12-03T10:50:54Z by "mach5one" with MS VC++ 17.6 (VS2022)

END.
